<?xml version="1.0" encoding="UTF-8"?>
<!-- Generated by org.testng.reporters.JUnitXMLReporter -->
<testsuite hostname="Home-PC" name="Group1" tests="2" failures="0" timestamp="2 Oct 2017 00:25:33 GMT" time="42.464" errors="0">
  <testcase name="@BeforeMethod setup" time="0.0" classname="scripts.SearchHelpTopics5">
    <failure type="org.openqa.selenium.WebDriverException" message="connection reset
Build info: version: &amp;apos;3.6.0&amp;apos;, revision: &amp;apos;6fbf3ec767&amp;apos;, time: &amp;apos;2017-09-27T15:28:36.4Z&amp;apos;
System info: host: &amp;apos;HOME-PC&amp;apos;, ip: &amp;apos;192.168.56.1&amp;apos;, os.name: &amp;apos;Windows 7&amp;apos;, os.arch: &amp;apos;amd64&amp;apos;, os.version: &amp;apos;6.1&amp;apos;, java.version: &amp;apos;1.8.0_73&amp;apos;
Driver info: driver.version: FirefoxDriver
remote stacktrace: stack backtrace:
   0:           0x4821c4 - &amp;lt;no info&amp;gt;
   1:           0x482933 - &amp;lt;no info&amp;gt;
   2:           0x47a13a - &amp;lt;no info&amp;gt;
   3:           0x47abb0 - &amp;lt;no info&amp;gt;
   4:           0x44bb74 - &amp;lt;no info&amp;gt;
   5:           0x43026a - &amp;lt;no info&amp;gt;
   6:           0x40ba4e - &amp;lt;no info&amp;gt;
   7:           0x4119b9 - &amp;lt;no info&amp;gt;
   8:           0x6d2c89 - &amp;lt;no info&amp;gt;
   9:           0x426006 - &amp;lt;no info&amp;gt;
  10:           0x6cd490 - &amp;lt;no info&amp;gt;
  11:         0x777059cd - BaseThreadInitThunk">
      <![CDATA[org.openqa.selenium.WebDriverException: connection reset
Build info: version: '3.6.0', revision: '6fbf3ec767', time: '2017-09-27T15:28:36.4Z'
System info: host: 'HOME-PC', ip: '192.168.56.1', os.name: 'Windows 7', os.arch: 'amd64', os.version: '6.1', java.version: '1.8.0_73'
Driver info: driver.version: FirefoxDriver
remote stacktrace: stack backtrace:
   0:           0x4821c4 - <no info>
   1:           0x482933 - <no info>
   2:           0x47a13a - <no info>
   3:           0x47abb0 - <no info>
   4:           0x44bb74 - <no info>
   5:           0x43026a - <no info>
   6:           0x40ba4e - <no info>
   7:           0x4119b9 - <no info>
   8:           0x6d2c89 - <no info>
   9:           0x426006 - <no info>
  10:           0x6cd490 - <no info>
  11:         0x777059cd - BaseThreadInitThunk
	at org.openqa.selenium.remote.W3CHandshakeResponse.lambda$new$0(W3CHandshakeResponse.java:57)
	at org.openqa.selenium.remote.W3CHandshakeResponse.lambda$getResponseFunction$2(W3CHandshakeResponse.java:104)
	at org.openqa.selenium.remote.ProtocolHandshake.lambda$createSession$24(ProtocolHandshake.java:359)
	at java.util.stream.ReferencePipeline$3$1.accept(ReferencePipeline.java:193)
	at java.util.Spliterators$ArraySpliterator.tryAdvance(Spliterators.java:958)
	at java.util.stream.ReferencePipeline.forEachWithCancel(ReferencePipeline.java:126)
	at java.util.stream.AbstractPipeline.copyIntoWithCancel(AbstractPipeline.java:498)
	at java.util.stream.AbstractPipeline.copyInto(AbstractPipeline.java:485)
	at java.util.stream.AbstractPipeline.wrapAndCopyInto(AbstractPipeline.java:471)
	at java.util.stream.FindOps$FindOp.evaluateSequential(FindOps.java:152)
	at java.util.stream.AbstractPipeline.evaluate(AbstractPipeline.java:234)
	at java.util.stream.ReferencePipeline.findFirst(ReferencePipeline.java:464)
	at org.openqa.selenium.remote.ProtocolHandshake.createSession(ProtocolHandshake.java:362)
	at org.openqa.selenium.remote.ProtocolHandshake.createSession(ProtocolHandshake.java:136)
	at org.openqa.selenium.remote.HttpCommandExecutor.execute(HttpCommandExecutor.java:142)
	at org.openqa.selenium.remote.service.DriverCommandExecutor.execute(DriverCommandExecutor.java:83)
	at org.openqa.selenium.remote.RemoteWebDriver.execute(RemoteWebDriver.java:586)
	at org.openqa.selenium.remote.RemoteWebDriver.startSession(RemoteWebDriver.java:217)
	at org.openqa.selenium.remote.RemoteWebDriver.<init>(RemoteWebDriver.java:140)
	at org.openqa.selenium.firefox.FirefoxDriver.<init>(FirefoxDriver.java:120)
	at org.openqa.selenium.firefox.FirefoxDriver.<init>(FirefoxDriver.java:98)
	at support.TestSettings.setup(TestSettings.java:64)
	at java.util.concurrent.ThreadPoolExecutor.runWorker(ThreadPoolExecutor.java:1142)
	at java.util.concurrent.ThreadPoolExecutor$Worker.run(ThreadPoolExecutor.java:617)
	at java.lang.Thread.run(Thread.java:745)
... Removed 16 stack frames]]>
    </failure>
  </testcase> <!-- @BeforeMethod setup -->
  <testcase name="@BeforeMethod setup" time="0.0" classname="scripts.SearchHelpTopics3">
    <failure type="org.openqa.selenium.WebDriverException" message="connection reset
Build info: version: &amp;apos;3.6.0&amp;apos;, revision: &amp;apos;6fbf3ec767&amp;apos;, time: &amp;apos;2017-09-27T15:28:36.4Z&amp;apos;
System info: host: &amp;apos;HOME-PC&amp;apos;, ip: &amp;apos;192.168.56.1&amp;apos;, os.name: &amp;apos;Windows 7&amp;apos;, os.arch: &amp;apos;amd64&amp;apos;, os.version: &amp;apos;6.1&amp;apos;, java.version: &amp;apos;1.8.0_73&amp;apos;
Driver info: driver.version: FirefoxDriver
remote stacktrace: stack backtrace:
   0:           0x4821c4 - &amp;lt;no info&amp;gt;
   1:           0x482933 - &amp;lt;no info&amp;gt;
   2:           0x47a13a - &amp;lt;no info&amp;gt;
   3:           0x47abb0 - &amp;lt;no info&amp;gt;
   4:           0x44bb74 - &amp;lt;no info&amp;gt;
   5:           0x43026a - &amp;lt;no info&amp;gt;
   6:           0x40ba4e - &amp;lt;no info&amp;gt;
   7:           0x4119b9 - &amp;lt;no info&amp;gt;
   8:           0x6d2c89 - &amp;lt;no info&amp;gt;
   9:           0x426006 - &amp;lt;no info&amp;gt;
  10:           0x6cd490 - &amp;lt;no info&amp;gt;
  11:         0x777059cd - BaseThreadInitThunk">
      <![CDATA[org.openqa.selenium.WebDriverException: connection reset
Build info: version: '3.6.0', revision: '6fbf3ec767', time: '2017-09-27T15:28:36.4Z'
System info: host: 'HOME-PC', ip: '192.168.56.1', os.name: 'Windows 7', os.arch: 'amd64', os.version: '6.1', java.version: '1.8.0_73'
Driver info: driver.version: FirefoxDriver
remote stacktrace: stack backtrace:
   0:           0x4821c4 - <no info>
   1:           0x482933 - <no info>
   2:           0x47a13a - <no info>
   3:           0x47abb0 - <no info>
   4:           0x44bb74 - <no info>
   5:           0x43026a - <no info>
   6:           0x40ba4e - <no info>
   7:           0x4119b9 - <no info>
   8:           0x6d2c89 - <no info>
   9:           0x426006 - <no info>
  10:           0x6cd490 - <no info>
  11:         0x777059cd - BaseThreadInitThunk
	at org.openqa.selenium.remote.W3CHandshakeResponse.lambda$new$0(W3CHandshakeResponse.java:57)
	at org.openqa.selenium.remote.W3CHandshakeResponse.lambda$getResponseFunction$2(W3CHandshakeResponse.java:104)
	at org.openqa.selenium.remote.ProtocolHandshake.lambda$createSession$24(ProtocolHandshake.java:359)
	at java.util.stream.ReferencePipeline$3$1.accept(ReferencePipeline.java:193)
	at java.util.Spliterators$ArraySpliterator.tryAdvance(Spliterators.java:958)
	at java.util.stream.ReferencePipeline.forEachWithCancel(ReferencePipeline.java:126)
	at java.util.stream.AbstractPipeline.copyIntoWithCancel(AbstractPipeline.java:498)
	at java.util.stream.AbstractPipeline.copyInto(AbstractPipeline.java:485)
	at java.util.stream.AbstractPipeline.wrapAndCopyInto(AbstractPipeline.java:471)
	at java.util.stream.FindOps$FindOp.evaluateSequential(FindOps.java:152)
	at java.util.stream.AbstractPipeline.evaluate(AbstractPipeline.java:234)
	at java.util.stream.ReferencePipeline.findFirst(ReferencePipeline.java:464)
	at org.openqa.selenium.remote.ProtocolHandshake.createSession(ProtocolHandshake.java:362)
	at org.openqa.selenium.remote.ProtocolHandshake.createSession(ProtocolHandshake.java:136)
	at org.openqa.selenium.remote.HttpCommandExecutor.execute(HttpCommandExecutor.java:142)
	at org.openqa.selenium.remote.service.DriverCommandExecutor.execute(DriverCommandExecutor.java:83)
	at org.openqa.selenium.remote.RemoteWebDriver.execute(RemoteWebDriver.java:586)
	at org.openqa.selenium.remote.RemoteWebDriver.startSession(RemoteWebDriver.java:217)
	at org.openqa.selenium.remote.RemoteWebDriver.<init>(RemoteWebDriver.java:140)
	at org.openqa.selenium.firefox.FirefoxDriver.<init>(FirefoxDriver.java:120)
	at org.openqa.selenium.firefox.FirefoxDriver.<init>(FirefoxDriver.java:98)
	at support.TestSettings.setup(TestSettings.java:64)
	at java.util.concurrent.ThreadPoolExecutor.runWorker(ThreadPoolExecutor.java:1142)
	at java.util.concurrent.ThreadPoolExecutor$Worker.run(ThreadPoolExecutor.java:617)
	at java.lang.Thread.run(Thread.java:745)
... Removed 16 stack frames]]>
    </failure>
  </testcase> <!-- @BeforeMethod setup -->
  <testcase name="@AfterMethod takeScreenShot" time="0.0" classname="scripts.SearchHelpTopics3">
    <failure type="java.lang.NullPointerException">
      <![CDATA[java.lang.NullPointerException
	at support.TestSettings.takeScreenShot(TestSettings.java:95)
	at java.util.concurrent.ThreadPoolExecutor.runWorker(ThreadPoolExecutor.java:1142)
	at java.util.concurrent.ThreadPoolExecutor$Worker.run(ThreadPoolExecutor.java:617)
	at java.lang.Thread.run(Thread.java:745)
... Removed 12 stack frames]]>
    </failure>
  </testcase> <!-- @AfterMethod takeScreenShot -->
  <testcase name="@AfterMethod takeScreenShot" time="0.0" classname="scripts.SearchHelpTopics5">
    <failure type="java.lang.NullPointerException">
      <![CDATA[java.lang.NullPointerException
	at support.TestSettings.takeScreenShot(TestSettings.java:95)
	at java.util.concurrent.ThreadPoolExecutor.runWorker(ThreadPoolExecutor.java:1142)
	at java.util.concurrent.ThreadPoolExecutor$Worker.run(ThreadPoolExecutor.java:617)
	at java.lang.Thread.run(Thread.java:745)
... Removed 12 stack frames]]>
    </failure>
  </testcase> <!-- @AfterMethod takeScreenShot -->
  <testcase name="searchHelpTopics3" time="0.001" classname="scripts.SearchHelpTopics3">
    <skipped/>
  </testcase> <!-- searchHelpTopics3 -->
  <testcase name="searchHelpTopics5" time="0.001" classname="scripts.SearchHelpTopics5">
    <skipped/>
  </testcase> <!-- searchHelpTopics5 -->
</testsuite> <!-- Group1 -->
