<?xml version="1.0" encoding="UTF-8"?>
<!-- Generated by org.testng.reporters.JUnitXMLReporter -->
<testsuite hostname="Home-PC" name="Group1" tests="2" failures="1" timestamp="1 Oct 2017 04:13:38 GMT" time="22.913" errors="0">
  <testcase name="searchHelpTopics3" time="11.481" classname="scripts.SearchHelpTopics3"/>
  <testcase name="searchHelpTopics5" time="11.486" classname="scripts.SearchHelpTopics5">
    <failure type="java.lang.AssertionError" message="expected [true] but found [false]">
      <![CDATA[java.lang.AssertionError: expected [true] but found [false]
	at scripts.SearchHelpTopics5.searchHelpTopics5(SearchHelpTopics5.java:30)
	at java.util.concurrent.ThreadPoolExecutor.runWorker(ThreadPoolExecutor.java:1142)
	at java.util.concurrent.ThreadPoolExecutor$Worker.run(ThreadPoolExecutor.java:617)
	at java.lang.Thread.run(Thread.java:745)
... Removed 14 stack frames]]>
    </failure>
  </testcase> <!-- searchHelpTopics5 -->
</testsuite> <!-- Group1 -->
